This file contains any messages produced by compilers while
running configure, to aid debugging if configure makes a mistake.

It was created by idrivebmr-server configure 2.2.11.2193, which was
generated by GNU Autoconf 2.69.  Invocation command line was

  $ ./configure --no-create --no-recursion

## --------- ##
## Platform. ##
## --------- ##

hostname = bmr
uname -m = x86_64
uname -r = 4.9.0-11-amd64
uname -s = Linux
uname -v = #1 SMP Debian 4.9.189-3+deb9u2 (2019-11-11)

/usr/bin/uname -p = unknown
/bin/uname -X     = unknown

/bin/arch              = unknown
/usr/bin/arch -k       = unknown
/usr/convex/getsysinfo = unknown
/usr/bin/hostinfo      = unknown
/bin/machine           = unknown
/usr/bin/oslevel       = unknown
/bin/universe          = unknown

PATH: /usr/local/sbin
PATH: /usr/local/bin
PATH: /usr/sbin
PATH: /usr/bin
PATH: /sbin
PATH: /bin


## ----------- ##
## Core tests. ##
## ----------- ##

configure:2577: checking build system type
configure:2591: result: x86_64-unknown-linux-gnu
configure:2611: checking host system type
configure:2624: result: x86_64-unknown-linux-gnu
configure:2644: checking target system type
configure:2657: result: x86_64-unknown-linux-gnu
configure:2700: checking for a BSD-compatible install
configure:2768: result: /usr/bin/install -c
configure:2779: checking whether build environment is sane
configure:2834: result: yes
configure:2985: checking for a thread-safe mkdir -p
configure:3024: result: /bin/mkdir -p
configure:3031: checking for gawk
configure:3047: found /usr/bin/gawk
configure:3058: result: gawk
configure:3069: checking whether make sets $(MAKE)
configure:3091: result: yes
configure:3120: checking whether make supports nested variables
configure:3137: result: yes
configure:3226: checking whether UID '0' is supported by ustar format
configure:3229: result: yes
configure:3236: checking whether GID '0' is supported by ustar format
configure:3239: result: yes
configure:3247: checking how to create a ustar tar archive
configure:3258: tar --version
tar (GNU tar) 1.29
Copyright (C) 2015 Free Software Foundation, Inc.
License GPLv3+: GNU GPL version 3 or later <http://gnu.org/licenses/gpl.html>.
This is free software: you are free to change and redistribute it.
There is NO WARRANTY, to the extent permitted by law.

Written by John Gilmore and Jay Fenlason.
configure:3261: $? = 0
configure:3301: tardir=conftest.dir && eval tar --format=ustar -chf - "$tardir" >conftest.tar
configure:3304: $? = 0
configure:3308: tar -xf - <conftest.tar
configure:3311: $? = 0
configure:3313: cat conftest.dir/file
GrepMe
configure:3316: $? = 0
configure:3329: result: gnutar
configure:3517: checking for g++
configure:3533: found /usr/bin/g++
configure:3544: result: g++
configure:3571: checking for C++ compiler version
configure:3580: g++ --version >&5
g++ (Debian 6.3.0-18+deb9u1) 6.3.0 20170516
Copyright (C) 2016 Free Software Foundation, Inc.
This is free software; see the source for copying conditions.  There is NO
warranty; not even for MERCHANTABILITY or FITNESS FOR A PARTICULAR PURPOSE.

configure:3591: $? = 0
configure:3580: g++ -v >&5
Using built-in specs.
COLLECT_GCC=g++
COLLECT_LTO_WRAPPER=/usr/lib/gcc/x86_64-linux-gnu/6/lto-wrapper
Target: x86_64-linux-gnu
Configured with: ../src/configure -v --with-pkgversion='Debian 6.3.0-18+deb9u1' --with-bugurl=file:///usr/share/doc/gcc-6/README.Bugs --enable-languages=c,ada,c++,java,go,d,fortran,objc,obj-c++ --prefix=/usr --program-suffix=-6 --program-prefix=x86_64-linux-gnu- --enable-shared --enable-linker-build-id --libexecdir=/usr/lib --without-included-gettext --enable-threads=posix --libdir=/usr/lib --enable-nls --with-sysroot=/ --enable-clocale=gnu --enable-libstdcxx-debug --enable-libstdcxx-time=yes --with-default-libstdcxx-abi=new --enable-gnu-unique-object --disable-vtable-verify --enable-libmpx --enable-plugin --enable-default-pie --with-system-zlib --disable-browser-plugin --enable-java-awt=gtk --enable-gtk-cairo --with-java-home=/usr/lib/jvm/java-1.5.0-gcj-6-amd64/jre --enable-java-home --with-jvm-root-dir=/usr/lib/jvm/java-1.5.0-gcj-6-amd64 --with-jvm-jar-dir=/usr/lib/jvm-exports/java-1.5.0-gcj-6-amd64 --with-arch-directory=amd64 --with-ecj-jar=/usr/share/java/eclipse-ecj.jar --with-target-system-zlib --enable-objc-gc=auto --enable-multiarch --with-arch-32=i686 --with-abi=m64 --with-multilib-list=m32,m64,mx32 --enable-multilib --with-tune=generic --enable-checking=release --build=x86_64-linux-gnu --host=x86_64-linux-gnu --target=x86_64-linux-gnu
Thread model: posix
gcc version 6.3.0 20170516 (Debian 6.3.0-18+deb9u1) 
configure:3591: $? = 0
configure:3580: g++ -V >&5
g++: error: unrecognized command line option '-V'
g++: fatal error: no input files
compilation terminated.
configure:3591: $? = 1
configure:3580: g++ -qversion >&5
g++: error: unrecognized command line option '-qversion'; did you mean '--version'?
g++: fatal error: no input files
compilation terminated.
configure:3591: $? = 1
configure:3611: checking whether the C++ compiler works
configure:3633: g++    conftest.cpp  >&5
configure:3637: $? = 0
configure:3685: result: yes
configure:3688: checking for C++ compiler default output file name
configure:3690: result: a.out
configure:3696: checking for suffix of executables
configure:3703: g++ -o conftest    conftest.cpp  >&5
configure:3707: $? = 0
configure:3729: result: 
configure:3751: checking whether we are cross compiling
configure:3759: g++ -o conftest    conftest.cpp  >&5
configure:3763: $? = 0
configure:3770: ./conftest
configure:3774: $? = 0
configure:3789: result: no
configure:3794: checking for suffix of object files
configure:3816: g++ -c   conftest.cpp >&5
configure:3820: $? = 0
configure:3841: result: o
configure:3845: checking whether we are using the GNU C++ compiler
configure:3864: g++ -c   conftest.cpp >&5
configure:3864: $? = 0
configure:3873: result: yes
configure:3882: checking whether g++ accepts -g
configure:3902: g++ -c -g  conftest.cpp >&5
configure:3902: $? = 0
configure:3943: result: yes
configure:3977: checking for style of include used by make
configure:4005: result: GNU
configure:4031: checking dependency style of g++
configure:4142: result: gcc3
configure:4205: checking for gcc
configure:4221: found /usr/bin/gcc
configure:4232: result: gcc
configure:4461: checking for C compiler version
configure:4470: gcc --version >&5
gcc (Debian 6.3.0-18+deb9u1) 6.3.0 20170516
Copyright (C) 2016 Free Software Foundation, Inc.
This is free software; see the source for copying conditions.  There is NO
warranty; not even for MERCHANTABILITY or FITNESS FOR A PARTICULAR PURPOSE.

configure:4481: $? = 0
configure:4470: gcc -v >&5
Using built-in specs.
COLLECT_GCC=gcc
COLLECT_LTO_WRAPPER=/usr/lib/gcc/x86_64-linux-gnu/6/lto-wrapper
Target: x86_64-linux-gnu
Configured with: ../src/configure -v --with-pkgversion='Debian 6.3.0-18+deb9u1' --with-bugurl=file:///usr/share/doc/gcc-6/README.Bugs --enable-languages=c,ada,c++,java,go,d,fortran,objc,obj-c++ --prefix=/usr --program-suffix=-6 --program-prefix=x86_64-linux-gnu- --enable-shared --enable-linker-build-id --libexecdir=/usr/lib --without-included-gettext --enable-threads=posix --libdir=/usr/lib --enable-nls --with-sysroot=/ --enable-clocale=gnu --enable-libstdcxx-debug --enable-libstdcxx-time=yes --with-default-libstdcxx-abi=new --enable-gnu-unique-object --disable-vtable-verify --enable-libmpx --enable-plugin --enable-default-pie --with-system-zlib --disable-browser-plugin --enable-java-awt=gtk --enable-gtk-cairo --with-java-home=/usr/lib/jvm/java-1.5.0-gcj-6-amd64/jre --enable-java-home --with-jvm-root-dir=/usr/lib/jvm/java-1.5.0-gcj-6-amd64 --with-jvm-jar-dir=/usr/lib/jvm-exports/java-1.5.0-gcj-6-amd64 --with-arch-directory=amd64 --with-ecj-jar=/usr/share/java/eclipse-ecj.jar --with-target-system-zlib --enable-objc-gc=auto --enable-multiarch --with-arch-32=i686 --with-abi=m64 --with-multilib-list=m32,m64,mx32 --enable-multilib --with-tune=generic --enable-checking=release --build=x86_64-linux-gnu --host=x86_64-linux-gnu --target=x86_64-linux-gnu
Thread model: posix
gcc version 6.3.0 20170516 (Debian 6.3.0-18+deb9u1) 
configure:4481: $? = 0
configure:4470: gcc -V >&5
gcc: error: unrecognized command line option '-V'
gcc: fatal error: no input files
compilation terminated.
configure:4481: $? = 1
configure:4470: gcc -qversion >&5
gcc: error: unrecognized command line option '-qversion'; did you mean '--version'?
gcc: fatal error: no input files
compilation terminated.
configure:4481: $? = 1
configure:4485: checking whether we are using the GNU C compiler
configure:4504: gcc -c   conftest.c >&5
configure:4504: $? = 0
configure:4513: result: yes
configure:4522: checking whether gcc accepts -g
configure:4542: gcc -c -g  conftest.c >&5
configure:4542: $? = 0
configure:4583: result: yes
configure:4600: checking for gcc option to accept ISO C89
configure:4663: gcc  -c -g -O2  conftest.c >&5
configure:4663: $? = 0
configure:4676: result: none needed
configure:4701: checking whether gcc understands -c and -o together
configure:4723: gcc -c conftest.c -o conftest2.o
configure:4726: $? = 0
configure:4723: gcc -c conftest.c -o conftest2.o
configure:4726: $? = 0
configure:4738: result: yes
configure:4757: checking dependency style of gcc
configure:4868: result: gcc3
configure:4886: checking whether the compiler implements namespaces
configure:4909: g++ -c -g -O2  conftest.cpp >&5
configure:4909: $? = 0
configure:4923: result: yes
configure:4936: checking how to run the C++ preprocessor
configure:4963: g++ -E  conftest.cpp
configure:4963: $? = 0
configure:4977: g++ -E  conftest.cpp
conftest.cpp:12:28: fatal error: ac_nonexistent.h: No such file or directory
 #include <ac_nonexistent.h>
                            ^
compilation terminated.
configure:4977: $? = 1
configure: failed program was:
| /* confdefs.h */
| #define PACKAGE_NAME "idrivebmr-server"
| #define PACKAGE_TARNAME "idrivebmr-server"
| #define PACKAGE_VERSION "2.2.11.2193"
| #define PACKAGE_STRING "idrivebmr-server 2.2.11.2193"
| #define PACKAGE_BUGREPORT "martin@urbackup.org"
| #define PACKAGE_URL ""
| #define PACKAGE "idrivebmr-server"
| #define VERSION "2.2.11.2193"
| #define HAVE_NAMESPACES 1
| /* end confdefs.h.  */
| #include <ac_nonexistent.h>
configure:5002: result: g++ -E
configure:5022: g++ -E  conftest.cpp
configure:5022: $? = 0
configure:5036: g++ -E  conftest.cpp
conftest.cpp:12:28: fatal error: ac_nonexistent.h: No such file or directory
 #include <ac_nonexistent.h>
                            ^
compilation terminated.
configure:5036: $? = 1
configure: failed program was:
| /* confdefs.h */
| #define PACKAGE_NAME "idrivebmr-server"
| #define PACKAGE_TARNAME "idrivebmr-server"
| #define PACKAGE_VERSION "2.2.11.2193"
| #define PACKAGE_STRING "idrivebmr-server 2.2.11.2193"
| #define PACKAGE_BUGREPORT "martin@urbackup.org"
| #define PACKAGE_URL ""
| #define PACKAGE "idrivebmr-server"
| #define VERSION "2.2.11.2193"
| #define HAVE_NAMESPACES 1
| /* end confdefs.h.  */
| #include <ac_nonexistent.h>
configure:5065: checking for grep that handles long lines and -e
configure:5123: result: /bin/grep
configure:5128: checking for egrep
configure:5190: result: /bin/grep -E
configure:5195: checking for ANSI C header files
configure:5215: g++ -c -g -O2  conftest.cpp >&5
configure:5215: $? = 0
configure:5288: g++ -o conftest -g -O2   conftest.cpp  >&5
configure:5288: $? = 0
configure:5288: ./conftest
configure:5288: $? = 0
configure:5299: result: yes
configure:5312: checking for sys/types.h
configure:5312: g++ -c -g -O2  conftest.cpp >&5
configure:5312: $? = 0
configure:5312: result: yes
configure:5312: checking for sys/stat.h
configure:5312: g++ -c -g -O2  conftest.cpp >&5
configure:5312: $? = 0
configure:5312: result: yes
configure:5312: checking for stdlib.h
configure:5312: g++ -c -g -O2  conftest.cpp >&5
configure:5312: $? = 0
configure:5312: result: yes
configure:5312: checking for string.h
configure:5312: g++ -c -g -O2  conftest.cpp >&5
configure:5312: $? = 0
configure:5312: result: yes
configure:5312: checking for memory.h
configure:5312: g++ -c -g -O2  conftest.cpp >&5
configure:5312: $? = 0
configure:5312: result: yes
configure:5312: checking for strings.h
configure:5312: g++ -c -g -O2  conftest.cpp >&5
configure:5312: $? = 0
configure:5312: result: yes
configure:5312: checking for inttypes.h
configure:5312: g++ -c -g -O2  conftest.cpp >&5
configure:5312: $? = 0
configure:5312: result: yes
configure:5312: checking for stdint.h
configure:5312: g++ -c -g -O2  conftest.cpp >&5
configure:5312: $? = 0
configure:5312: result: yes
configure:5312: checking for unistd.h
configure:5312: g++ -c -g -O2  conftest.cpp >&5
configure:5312: $? = 0
configure:5312: result: yes
configure:5334: checking sstream usability
configure:5334: g++ -c -g -O2  conftest.cpp >&5
configure:5334: $? = 0
configure:5334: result: yes
configure:5334: checking sstream presence
configure:5334: g++ -E  conftest.cpp
configure:5334: $? = 0
configure:5334: result: yes
configure:5334: checking for sstream
configure:5334: result: yes
configure:5344: checking whether the STL defines stringstream
configure:5363: g++ -c -g -O2  conftest.cpp >&5
configure:5363: $? = 0
configure:5371: result: yes
configure:5395: checking strstream usability
configure:5395: g++ -c -g -O2  conftest.cpp >&5
In file included from /usr/include/c++/6/backward/strstream:50:0,
                 from conftest.cpp:57:
/usr/include/c++/6/backward/backward_warning.h:32:2: warning: #warning This file includes at least one deprecated or antiquated header which may be removed without further notice at a future date. Please use a non-deprecated interface with equivalent functionality instead. For a listing of replacement headers and interfaces, consult the file backward_warning.h. To disable this warning use -Wno-deprecated. [-Wcpp]
 #warning \
  ^~~~~~~
configure:5395: $? = 0
configure:5395: result: yes
configure:5395: checking strstream presence
configure:5395: g++ -E  conftest.cpp
In file included from /usr/include/c++/6/backward/strstream:50:0,
                 from conftest.cpp:24:
/usr/include/c++/6/backward/backward_warning.h:32:2: warning: #warning This file includes at least one deprecated or antiquated header which may be removed without further notice at a future date. Please use a non-deprecated interface with equivalent functionality instead. For a listing of replacement headers and interfaces, consult the file backward_warning.h. To disable this warning use -Wno-deprecated. [-Wcpp]
 #warning \
  ^~~~~~~
configure:5395: $? = 0
configure:5395: result: yes
configure:5395: checking for strstream
configure:5395: result: yes
configure:5405: checking whether the STL defines strstream
configure:5428: g++ -c -g -O2  conftest.cpp >&5
In file included from /usr/include/c++/6/backward/strstream:50:0,
                 from conftest.cpp:26:
/usr/include/c++/6/backward/backward_warning.h:32:2: warning: #warning This file includes at least one deprecated or antiquated header which may be removed without further notice at a future date. Please use a non-deprecated interface with equivalent functionality instead. For a listing of replacement headers and interfaces, consult the file backward_warning.h. To disable this warning use -Wno-deprecated. [-Wcpp]
 #warning \
  ^~~~~~~
configure:5428: $? = 0
configure:5436: result: yes
configure:5468: g++ -c -g -O2  conftest.cpp >&5
configure:5468: $? = 0
configure:5662: checking for the pthreads library -lpthreads
configure:5700: gcc -o conftest -g -O2    conftest.c -lpthreads  >&5
/usr/bin/ld: cannot find -lpthreads
collect2: error: ld returned 1 exit status
configure:5700: $? = 1
configure: failed program was:
| /* confdefs.h */
| #define PACKAGE_NAME "idrivebmr-server"
| #define PACKAGE_TARNAME "idrivebmr-server"
| #define PACKAGE_VERSION "2.2.11.2193"
| #define PACKAGE_STRING "idrivebmr-server 2.2.11.2193"
| #define PACKAGE_BUGREPORT "martin@urbackup.org"
| #define PACKAGE_URL ""
| #define PACKAGE "idrivebmr-server"
| #define VERSION "2.2.11.2193"
| #define HAVE_NAMESPACES 1
| #define STDC_HEADERS 1
| #define HAVE_SYS_TYPES_H 1
| #define HAVE_SYS_STAT_H 1
| #define HAVE_STDLIB_H 1
| #define HAVE_STRING_H 1
| #define HAVE_MEMORY_H 1
| #define HAVE_STRINGS_H 1
| #define HAVE_INTTYPES_H 1
| #define HAVE_STDINT_H 1
| #define HAVE_UNISTD_H 1
| #define HAVE_SSTREAM 1
| #define HAVE_SSTREAM 1
| #define HAVE_STRSTREAM 1
| #define HAVE_CLASS_STRSTREAM 1
| #define HAVE_LONG_LONG 1
| /* end confdefs.h.  */
| #include <pthread.h>
| 	             static void routine(void* a) {a=0;}
| 	             static void* start_routine(void* a) {return a;}
| int
| main ()
| {
| pthread_t th; pthread_attr_t attr;
|                      pthread_create(&th,0,start_routine,0);
|                      pthread_join(th, 0);
|                      pthread_attr_init(&attr);
|                      pthread_cleanup_push(routine, 0);
|                      pthread_cleanup_pop(0);
|   ;
|   return 0;
| }
configure:5709: result: no
configure:5607: checking whether pthreads work without any flags
configure:5700: gcc -o conftest -g -O2    conftest.c   >&5
/tmp/cc8ppeJs.o: In function `main':
/IdrivebmrServer/chandru_code/IDriveBMR-Server/conftest.c:34: undefined reference to `pthread_create'
/IdrivebmrServer/chandru_code/IDriveBMR-Server/conftest.c:35: undefined reference to `pthread_join'
/IdrivebmrServer/chandru_code/IDriveBMR-Server/conftest.c:37: undefined reference to `__pthread_register_cancel'
/IdrivebmrServer/chandru_code/IDriveBMR-Server/conftest.c:38: undefined reference to `__pthread_unregister_cancel'
collect2: error: ld returned 1 exit status
configure:5700: $? = 1
configure: failed program was:
| /* confdefs.h */
| #define PACKAGE_NAME "idrivebmr-server"
| #define PACKAGE_TARNAME "idrivebmr-server"
| #define PACKAGE_VERSION "2.2.11.2193"
| #define PACKAGE_STRING "idrivebmr-server 2.2.11.2193"
| #define PACKAGE_BUGREPORT "martin@urbackup.org"
| #define PACKAGE_URL ""
| #define PACKAGE "idrivebmr-server"
| #define VERSION "2.2.11.2193"
| #define HAVE_NAMESPACES 1
| #define STDC_HEADERS 1
| #define HAVE_SYS_TYPES_H 1
| #define HAVE_SYS_STAT_H 1
| #define HAVE_STDLIB_H 1
| #define HAVE_STRING_H 1
| #define HAVE_MEMORY_H 1
| #define HAVE_STRINGS_H 1
| #define HAVE_INTTYPES_H 1
| #define HAVE_STDINT_H 1
| #define HAVE_UNISTD_H 1
| #define HAVE_SSTREAM 1
| #define HAVE_SSTREAM 1
| #define HAVE_STRSTREAM 1
| #define HAVE_CLASS_STRSTREAM 1
| #define HAVE_LONG_LONG 1
| /* end confdefs.h.  */
| #include <pthread.h>
| 	             static void routine(void* a) {a=0;}
| 	             static void* start_routine(void* a) {return a;}
| int
| main ()
| {
| pthread_t th; pthread_attr_t attr;
|                      pthread_create(&th,0,start_routine,0);
|                      pthread_join(th, 0);
|                      pthread_attr_init(&attr);
|                      pthread_cleanup_push(routine, 0);
|                      pthread_cleanup_pop(0);
|   ;
|   return 0;
| }
configure:5709: result: no
configure:5612: checking whether pthreads work with -Kthread
configure:5700: gcc -o conftest -g -O2 -Kthread   conftest.c   >&5
gcc: error: unrecognized command line option '-Kthread'; did you mean '-pthread'?
configure:5700: $? = 1
configure: failed program was:
| /* confdefs.h */
| #define PACKAGE_NAME "idrivebmr-server"
| #define PACKAGE_TARNAME "idrivebmr-server"
| #define PACKAGE_VERSION "2.2.11.2193"
| #define PACKAGE_STRING "idrivebmr-server 2.2.11.2193"
| #define PACKAGE_BUGREPORT "martin@urbackup.org"
| #define PACKAGE_URL ""
| #define PACKAGE "idrivebmr-server"
| #define VERSION "2.2.11.2193"
| #define HAVE_NAMESPACES 1
| #define STDC_HEADERS 1
| #define HAVE_SYS_TYPES_H 1
| #define HAVE_SYS_STAT_H 1
| #define HAVE_STDLIB_H 1
| #define HAVE_STRING_H 1
| #define HAVE_MEMORY_H 1
| #define HAVE_STRINGS_H 1
| #define HAVE_INTTYPES_H 1
| #define HAVE_STDINT_H 1
| #define HAVE_UNISTD_H 1
| #define HAVE_SSTREAM 1
| #define HAVE_SSTREAM 1
| #define HAVE_STRSTREAM 1
| #define HAVE_CLASS_STRSTREAM 1
| #define HAVE_LONG_LONG 1
| /* end confdefs.h.  */
| #include <pthread.h>
| 	             static void routine(void* a) {a=0;}
| 	             static void* start_routine(void* a) {return a;}
| int
| main ()
| {
| pthread_t th; pthread_attr_t attr;
|                      pthread_create(&th,0,start_routine,0);
|                      pthread_join(th, 0);
|                      pthread_attr_init(&attr);
|                      pthread_cleanup_push(routine, 0);
|                      pthread_cleanup_pop(0);
|   ;
|   return 0;
| }
configure:5709: result: no
configure:5612: checking whether pthreads work with -kthread
configure:5700: gcc -o conftest -g -O2 -kthread   conftest.c   >&5
gcc: error: unrecognized command line option '-kthread'; did you mean '-pthread'?
configure:5700: $? = 1
configure: failed program was:
| /* confdefs.h */
| #define PACKAGE_NAME "idrivebmr-server"
| #define PACKAGE_TARNAME "idrivebmr-server"
| #define PACKAGE_VERSION "2.2.11.2193"
| #define PACKAGE_STRING "idrivebmr-server 2.2.11.2193"
| #define PACKAGE_BUGREPORT "martin@urbackup.org"
| #define PACKAGE_URL ""
| #define PACKAGE "idrivebmr-server"
| #define VERSION "2.2.11.2193"
| #define HAVE_NAMESPACES 1
| #define STDC_HEADERS 1
| #define HAVE_SYS_TYPES_H 1
| #define HAVE_SYS_STAT_H 1
| #define HAVE_STDLIB_H 1
| #define HAVE_STRING_H 1
| #define HAVE_MEMORY_H 1
| #define HAVE_STRINGS_H 1
| #define HAVE_INTTYPES_H 1
| #define HAVE_STDINT_H 1
| #define HAVE_UNISTD_H 1
| #define HAVE_SSTREAM 1
| #define HAVE_SSTREAM 1
| #define HAVE_STRSTREAM 1
| #define HAVE_CLASS_STRSTREAM 1
| #define HAVE_LONG_LONG 1
| /* end confdefs.h.  */
| #include <pthread.h>
| 	             static void routine(void* a) {a=0;}
| 	             static void* start_routine(void* a) {return a;}
| int
| main ()
| {
| pthread_t th; pthread_attr_t attr;
|                      pthread_create(&th,0,start_routine,0);
|                      pthread_join(th, 0);
|                      pthread_attr_init(&attr);
|                      pthread_cleanup_push(routine, 0);
|                      pthread_cleanup_pop(0);
|   ;
|   return 0;
| }
configure:5709: result: no
configure:5662: checking for the pthreads library -llthread
configure:5700: gcc -o conftest -g -O2    conftest.c -llthread  >&5
/usr/bin/ld: cannot find -llthread
collect2: error: ld returned 1 exit status
configure:5700: $? = 1
configure: failed program was:
| /* confdefs.h */
| #define PACKAGE_NAME "idrivebmr-server"
| #define PACKAGE_TARNAME "idrivebmr-server"
| #define PACKAGE_VERSION "2.2.11.2193"
| #define PACKAGE_STRING "idrivebmr-server 2.2.11.2193"
| #define PACKAGE_BUGREPORT "martin@urbackup.org"
| #define PACKAGE_URL ""
| #define PACKAGE "idrivebmr-server"
| #define VERSION "2.2.11.2193"
| #define HAVE_NAMESPACES 1
| #define STDC_HEADERS 1
| #define HAVE_SYS_TYPES_H 1
| #define HAVE_SYS_STAT_H 1
| #define HAVE_STDLIB_H 1
| #define HAVE_STRING_H 1
| #define HAVE_MEMORY_H 1
| #define HAVE_STRINGS_H 1
| #define HAVE_INTTYPES_H 1
| #define HAVE_STDINT_H 1
| #define HAVE_UNISTD_H 1
| #define HAVE_SSTREAM 1
| #define HAVE_SSTREAM 1
| #define HAVE_STRSTREAM 1
| #define HAVE_CLASS_STRSTREAM 1
| #define HAVE_LONG_LONG 1
| /* end confdefs.h.  */
| #include <pthread.h>
| 	             static void routine(void* a) {a=0;}
| 	             static void* start_routine(void* a) {return a;}
| int
| main ()
| {
| pthread_t th; pthread_attr_t attr;
|                      pthread_create(&th,0,start_routine,0);
|                      pthread_join(th, 0);
|                      pthread_attr_init(&attr);
|                      pthread_cleanup_push(routine, 0);
|                      pthread_cleanup_pop(0);
|   ;
|   return 0;
| }
configure:5709: result: no
configure:5612: checking whether pthreads work with -pthread
configure:5700: gcc -o conftest -g -O2 -pthread   conftest.c   >&5
configure:5700: $? = 0
configure:5709: result: yes
configure:5728: checking for joinable pthread attribute
configure:5743: gcc -o conftest -g -O2 -pthread   conftest.c   >&5
configure:5743: $? = 0
configure:5749: result: PTHREAD_CREATE_JOINABLE
configure:5759: checking if more special flags are required for pthreads
configure:5766: result: no
configure:5783: gcc -o conftest -g -O2 -pthread   conftest.c   >&5
conftest.c: In function 'main':
conftest.c:31:31: warning: implicit declaration of function 'pthread_setname_np' [-Wimplicit-function-declaration]
 pthread_t ct = pthread_self();pthread_setname_np(ct, "test");
                               ^~~~~~~~~~~~~~~~~~
configure:5783: $? = 0
configure:5884: checking for ANSI C header files
configure:5988: result: yes
configure:5999: checking pthread.h usability
configure:5999: g++ -c -g -O2  conftest.cpp >&5
configure:5999: $? = 0
configure:5999: result: yes
configure:5999: checking pthread.h presence
configure:5999: g++ -E  conftest.cpp
configure:5999: $? = 0
configure:5999: result: yes
configure:5999: checking for pthread.h
configure:5999: result: yes
configure:5999: checking arpa/inet.h usability
configure:5999: g++ -c -g -O2  conftest.cpp >&5
configure:5999: $? = 0
configure:5999: result: yes
configure:5999: checking arpa/inet.h presence
configure:5999: g++ -E  conftest.cpp
configure:5999: $? = 0
configure:5999: result: yes
configure:5999: checking for arpa/inet.h
configure:5999: result: yes
configure:5999: checking fcntl.h usability
configure:5999: g++ -c -g -O2  conftest.cpp >&5
configure:5999: $? = 0
configure:5999: result: yes
configure:5999: checking fcntl.h presence
configure:5999: g++ -E  conftest.cpp
configure:5999: $? = 0
configure:5999: result: yes
configure:5999: checking for fcntl.h
configure:5999: result: yes
configure:5999: checking netdb.h usability
configure:5999: g++ -c -g -O2  conftest.cpp >&5
configure:5999: $? = 0
configure:5999: result: yes
configure:5999: checking netdb.h presence
configure:5999: g++ -E  conftest.cpp
configure:5999: $? = 0
configure:5999: result: yes
configure:5999: checking for netdb.h
configure:5999: result: yes
configure:5999: checking netinet/in.h usability
configure:5999: g++ -c -g -O2  conftest.cpp >&5
configure:5999: $? = 0
configure:5999: result: yes
configure:5999: checking netinet/in.h presence
configure:5999: g++ -E  conftest.cpp
configure:5999: $? = 0
configure:5999: result: yes
configure:5999: checking for netinet/in.h
configure:5999: result: yes
configure:5999: checking for stdlib.h
configure:5999: result: yes
configure:5999: checking sys/socket.h usability
configure:5999: g++ -c -g -O2  conftest.cpp >&5
configure:5999: $? = 0
configure:5999: result: yes
configure:5999: checking sys/socket.h presence
configure:5999: g++ -E  conftest.cpp
configure:5999: $? = 0
configure:5999: result: yes
configure:5999: checking for sys/socket.h
configure:5999: result: yes
configure:5999: checking sys/time.h usability
configure:5999: g++ -c -g -O2  conftest.cpp >&5
configure:5999: $? = 0
configure:5999: result: yes
configure:5999: checking sys/time.h presence
configure:5999: g++ -E  conftest.cpp
configure:5999: $? = 0
configure:5999: result: yes
configure:5999: checking for sys/time.h
configure:5999: result: yes
configure:5999: checking for unistd.h
configure:5999: result: yes
configure:6011: checking for stdbool.h that conforms to C99
configure:6078: g++ -c -g -O2  conftest.cpp >&5
conftest.cpp:42:15: error: expected unqualified-id before string constant
               "error: bool is not defined"
               ^~~~~~~~~~~~~~~~~~~~~~~~~~~~
conftest.cpp:60:48: error: 's' does not name a type
              struct s { _Bool s: 1; _Bool t; } s;
                                                ^
conftest.cpp:70:28: error: 's' was not declared in this scope
              char i[sizeof s.t];
                            ^
conftest.cpp: In function 'int main()':
conftest.cpp:88:24: error: 's' was not declared in this scope
              bool e = &s;
                        ^
conftest.cpp:92:63: error: 'i' was not declared in this scope
              return (!a + !b + !c + !d + !e + !f + !g + !h + !i + !!j + !k + !!l
                                                               ^
configure:6078: $? = 1
configure: failed program was:
| /* confdefs.h */
| #define PACKAGE_NAME "idrivebmr-server"
| #define PACKAGE_TARNAME "idrivebmr-server"
| #define PACKAGE_VERSION "2.2.11.2193"
| #define PACKAGE_STRING "idrivebmr-server 2.2.11.2193"
| #define PACKAGE_BUGREPORT "martin@urbackup.org"
| #define PACKAGE_URL ""
| #define PACKAGE "idrivebmr-server"
| #define VERSION "2.2.11.2193"
| #define HAVE_NAMESPACES 1
| #define STDC_HEADERS 1
| #define HAVE_SYS_TYPES_H 1
| #define HAVE_SYS_STAT_H 1
| #define HAVE_STDLIB_H 1
| #define HAVE_STRING_H 1
| #define HAVE_MEMORY_H 1
| #define HAVE_STRINGS_H 1
| #define HAVE_INTTYPES_H 1
| #define HAVE_STDINT_H 1
| #define HAVE_UNISTD_H 1
| #define HAVE_SSTREAM 1
| #define HAVE_SSTREAM 1
| #define HAVE_STRSTREAM 1
| #define HAVE_CLASS_STRSTREAM 1
| #define HAVE_LONG_LONG 1
| #define HAVE_PTHREAD_SETNAME_NP 1
| #define HAVE_PTHREAD 1
| #define STDC_HEADERS 1
| #define HAVE_PTHREAD_H 1
| #define HAVE_ARPA_INET_H 1
| #define HAVE_FCNTL_H 1
| #define HAVE_NETDB_H 1
| #define HAVE_NETINET_IN_H 1
| #define HAVE_STDLIB_H 1
| #define HAVE_SYS_SOCKET_H 1
| #define HAVE_SYS_TIME_H 1
| #define HAVE_UNISTD_H 1
| /* end confdefs.h.  */
| 
|              #include <stdbool.h>
|              #ifndef bool
|               "error: bool is not defined"
|              #endif
|              #ifndef false
|               "error: false is not defined"
|              #endif
|              #if false
|               "error: false is not 0"
|              #endif
|              #ifndef true
|               "error: true is not defined"
|              #endif
|              #if true != 1
|               "error: true is not 1"
|              #endif
|              #ifndef __bool_true_false_are_defined
|               "error: __bool_true_false_are_defined is not defined"
|              #endif
| 
|              struct s { _Bool s: 1; _Bool t; } s;
| 
|              char a[true == 1 ? 1 : -1];
|              char b[false == 0 ? 1 : -1];
|              char c[__bool_true_false_are_defined == 1 ? 1 : -1];
|              char d[(bool) 0.5 == true ? 1 : -1];
|              /* See body of main program for 'e'.  */
|              char f[(_Bool) 0.0 == false ? 1 : -1];
|              char g[true];
|              char h[sizeof (_Bool)];
|              char i[sizeof s.t];
|              enum { j = false, k = true, l = false * true, m = true * 256 };
|              /* The following fails for
|                 HP aC++/ANSI C B3910B A.05.55 [Dec 04 2003]. */
|              _Bool n[m];
|              char o[sizeof n == m * sizeof n[0] ? 1 : -1];
|              char p[-1 - (_Bool) 0 < 0 && -1 - (bool) 0 < 0 ? 1 : -1];
|              /* Catch a bug in an HP-UX C compiler.  See
|                 http://gcc.gnu.org/ml/gcc-patches/2003-12/msg02303.html
|                 http://lists.gnu.org/archive/html/bug-coreutils/2005-11/msg00161.html
|               */
|              _Bool q = true;
|              _Bool *pq = &q;
| 
| int
| main ()
| {
| 
|              bool e = &s;
|              *pq |= q;
|              *pq |= ! q;
|              /* Refer to every declared value, to avoid compiler optimizations.  */
|              return (!a + !b + !c + !d + !e + !f + !g + !h + !i + !!j + !k + !!l
|                      + !m + !n + !o + !p + !q + !pq);
| 
|   ;
|   return 0;
| }
configure:6085: result: no
configure:6087: checking for _Bool
configure:6087: g++ -c -g -O2  conftest.cpp >&5
conftest.cpp: In function 'int main()':
conftest.cpp:75:13: error: '_Bool' was not declared in this scope
 if (sizeof (_Bool))
             ^~~~~
configure:6087: $? = 1
configure: failed program was:
| /* confdefs.h */
| #define PACKAGE_NAME "idrivebmr-server"
| #define PACKAGE_TARNAME "idrivebmr-server"
| #define PACKAGE_VERSION "2.2.11.2193"
| #define PACKAGE_STRING "idrivebmr-server 2.2.11.2193"
| #define PACKAGE_BUGREPORT "martin@urbackup.org"
| #define PACKAGE_URL ""
| #define PACKAGE "idrivebmr-server"
| #define VERSION "2.2.11.2193"
| #define HAVE_NAMESPACES 1
| #define STDC_HEADERS 1
| #define HAVE_SYS_TYPES_H 1
| #define HAVE_SYS_STAT_H 1
| #define HAVE_STDLIB_H 1
| #define HAVE_STRING_H 1
| #define HAVE_MEMORY_H 1
| #define HAVE_STRINGS_H 1
| #define HAVE_INTTYPES_H 1
| #define HAVE_STDINT_H 1
| #define HAVE_UNISTD_H 1
| #define HAVE_SSTREAM 1
| #define HAVE_SSTREAM 1
| #define HAVE_STRSTREAM 1
| #define HAVE_CLASS_STRSTREAM 1
| #define HAVE_LONG_LONG 1
| #define HAVE_PTHREAD_SETNAME_NP 1
| #define HAVE_PTHREAD 1
| #define STDC_HEADERS 1
| #define HAVE_PTHREAD_H 1
| #define HAVE_ARPA_INET_H 1
| #define HAVE_FCNTL_H 1
| #define HAVE_NETDB_H 1
| #define HAVE_NETINET_IN_H 1
| #define HAVE_STDLIB_H 1
| #define HAVE_SYS_SOCKET_H 1
| #define HAVE_SYS_TIME_H 1
| #define HAVE_UNISTD_H 1
| /* end confdefs.h.  */
| #include <stdio.h>
| #ifdef HAVE_SYS_TYPES_H
| # include <sys/types.h>
| #endif
| #ifdef HAVE_SYS_STAT_H
| # include <sys/stat.h>
| #endif
| #ifdef STDC_HEADERS
| # include <stdlib.h>
| # include <stddef.h>
| #else
| # ifdef HAVE_STDLIB_H
| #  include <stdlib.h>
| # endif
| #endif
| #ifdef HAVE_STRING_H
| # if !defined STDC_HEADERS && defined HAVE_MEMORY_H
| #  include <memory.h>
| # endif
| # include <string.h>
| #endif
| #ifdef HAVE_STRINGS_H
| # include <strings.h>
| #endif
| #ifdef HAVE_INTTYPES_H
| # include <inttypes.h>
| #endif
| #ifdef HAVE_STDINT_H
| # include <stdint.h>
| #endif
| #ifdef HAVE_UNISTD_H
| # include <unistd.h>
| #endif
| int
| main ()
| {
| if (sizeof (_Bool))
| 	 return 0;
|   ;
|   return 0;
| }
configure:6087: result: no
configure:6104: checking for an ANSI C-conforming const
configure:6170: g++ -c -g -O2  conftest.cpp >&5
configure:6170: $? = 0
configure:6177: result: yes
configure:6185: checking for inline
configure:6201: g++ -c -g -O2  conftest.cpp >&5
configure:6201: $? = 0
configure:6209: result: inline
configure:6227: checking for size_t
configure:6227: g++ -c -g -O2  conftest.cpp >&5
configure:6227: $? = 0
configure:6227: g++ -c -g -O2  conftest.cpp >&5
conftest.cpp: In function 'int main()':
conftest.cpp:75:20: error: expected primary-expression before ')' token
 if (sizeof ((size_t)))
                    ^
configure:6227: $? = 1
configure: failed program was:
| /* confdefs.h */
| #define PACKAGE_NAME "idrivebmr-server"
| #define PACKAGE_TARNAME "idrivebmr-server"
| #define PACKAGE_VERSION "2.2.11.2193"
| #define PACKAGE_STRING "idrivebmr-server 2.2.11.2193"
| #define PACKAGE_BUGREPORT "martin@urbackup.org"
| #define PACKAGE_URL ""
| #define PACKAGE "idrivebmr-server"
| #define VERSION "2.2.11.2193"
| #define HAVE_NAMESPACES 1
| #define STDC_HEADERS 1
| #define HAVE_SYS_TYPES_H 1
| #define HAVE_SYS_STAT_H 1
| #define HAVE_STDLIB_H 1
| #define HAVE_STRING_H 1
| #define HAVE_MEMORY_H 1
| #define HAVE_STRINGS_H 1
| #define HAVE_INTTYPES_H 1
| #define HAVE_STDINT_H 1
| #define HAVE_UNISTD_H 1
| #define HAVE_SSTREAM 1
| #define HAVE_SSTREAM 1
| #define HAVE_STRSTREAM 1
| #define HAVE_CLASS_STRSTREAM 1
| #define HAVE_LONG_LONG 1
| #define HAVE_PTHREAD_SETNAME_NP 1
| #define HAVE_PTHREAD 1
| #define STDC_HEADERS 1
| #define HAVE_PTHREAD_H 1
| #define HAVE_ARPA_INET_H 1
| #define HAVE_FCNTL_H 1
| #define HAVE_NETDB_H 1
| #define HAVE_NETINET_IN_H 1
| #define HAVE_STDLIB_H 1
| #define HAVE_SYS_SOCKET_H 1
| #define HAVE_SYS_TIME_H 1
| #define HAVE_UNISTD_H 1
| /* end confdefs.h.  */
| #include <stdio.h>
| #ifdef HAVE_SYS_TYPES_H
| # include <sys/types.h>
| #endif
| #ifdef HAVE_SYS_STAT_H
| # include <sys/stat.h>
| #endif
| #ifdef STDC_HEADERS
| # include <stdlib.h>
| # include <stddef.h>
| #else
| # ifdef HAVE_STDLIB_H
| #  include <stdlib.h>
| # endif
| #endif
| #ifdef HAVE_STRING_H
| # if !defined STDC_HEADERS && defined HAVE_MEMORY_H
| #  include <memory.h>
| # endif
| # include <string.h>
| #endif
| #ifdef HAVE_STRINGS_H
| # include <strings.h>
| #endif
| #ifdef HAVE_INTTYPES_H
| # include <inttypes.h>
| #endif
| #ifdef HAVE_STDINT_H
| # include <stdint.h>
| #endif
| #ifdef HAVE_UNISTD_H
| # include <unistd.h>
| #endif
| int
| main ()
| {
| if (sizeof ((size_t)))
| 	    return 0;
|   ;
|   return 0;
| }
configure:6227: result: yes
configure:6238: checking whether time.h and sys/time.h may both be included
configure:6258: g++ -c -g -O2  conftest.cpp >&5
configure:6258: $? = 0
configure:6265: result: yes
configure:6273: checking whether struct tm is in sys/time.h or time.h
configure:6293: g++ -c -g -O2  conftest.cpp >&5
configure:6293: $? = 0
configure:6300: result: time.h
configure:6309: checking whether C++ compiler accepts -fstack-protector-strong --param=ssp-buffer-size=4 -Wformat -Werror=format-security -fPIE
configure:6328: g++ -c -g -O2  -fstack-protector-strong --param=ssp-buffer-size=4 -Wformat -Werror=format-security -fPIE  conftest.cpp >&5
configure:6328: $? = 0
configure:6336: result: yes
configure:6352: checking whether the linker accepts -Wl,-z,relro
configure:6371: g++ -o conftest -g -O2    -Wl,-z,relro conftest.cpp  >&5
configure:6371: $? = 0
configure:6380: result: yes
configure:6397: checking for library containing gethostbyname
configure:6428: g++ -o conftest -g -O2   conftest.cpp  >&5
configure:6428: $? = 0
configure:6445: result: none required
configure:6453: checking for library containing socket
configure:6484: g++ -o conftest -g -O2   conftest.cpp  >&5
configure:6484: $? = 0
configure:6501: result: none required
configure:6557: checking how to run the C preprocessor
configure:6588: gcc -E  conftest.c
configure:6588: $? = 0
configure:6602: gcc -E  conftest.c
conftest.c:40:28: fatal error: ac_nonexistent.h: No such file or directory
 #include <ac_nonexistent.h>
                            ^
compilation terminated.
configure:6602: $? = 1
configure: failed program was:
| /* confdefs.h */
| #define PACKAGE_NAME "idrivebmr-server"
| #define PACKAGE_TARNAME "idrivebmr-server"
| #define PACKAGE_VERSION "2.2.11.2193"
| #define PACKAGE_STRING "idrivebmr-server 2.2.11.2193"
| #define PACKAGE_BUGREPORT "martin@urbackup.org"
| #define PACKAGE_URL ""
| #define PACKAGE "idrivebmr-server"
| #define VERSION "2.2.11.2193"
| #define HAVE_NAMESPACES 1
| #define STDC_HEADERS 1
| #define HAVE_SYS_TYPES_H 1
| #define HAVE_SYS_STAT_H 1
| #define HAVE_STDLIB_H 1
| #define HAVE_STRING_H 1
| #define HAVE_MEMORY_H 1
| #define HAVE_STRINGS_H 1
| #define HAVE_INTTYPES_H 1
| #define HAVE_STDINT_H 1
| #define HAVE_UNISTD_H 1
| #define HAVE_SSTREAM 1
| #define HAVE_SSTREAM 1
| #define HAVE_STRSTREAM 1
| #define HAVE_CLASS_STRSTREAM 1
| #define HAVE_LONG_LONG 1
| #define HAVE_PTHREAD_SETNAME_NP 1
| #define HAVE_PTHREAD 1
| #define STDC_HEADERS 1
| #define HAVE_PTHREAD_H 1
| #define HAVE_ARPA_INET_H 1
| #define HAVE_FCNTL_H 1
| #define HAVE_NETDB_H 1
| #define HAVE_NETINET_IN_H 1
| #define HAVE_STDLIB_H 1
| #define HAVE_SYS_SOCKET_H 1
| #define HAVE_SYS_TIME_H 1
| #define HAVE_UNISTD_H 1
| #define TIME_WITH_SYS_TIME 1
| /* end confdefs.h.  */
| #include <ac_nonexistent.h>
configure:6627: result: gcc -E
configure:6647: gcc -E  conftest.c
configure:6647: $? = 0
configure:6661: gcc -E  conftest.c
conftest.c:40:28: fatal error: ac_nonexistent.h: No such file or directory
 #include <ac_nonexistent.h>
                            ^
compilation terminated.
configure:6661: $? = 1
configure: failed program was:
| /* confdefs.h */
| #define PACKAGE_NAME "idrivebmr-server"
| #define PACKAGE_TARNAME "idrivebmr-server"
| #define PACKAGE_VERSION "2.2.11.2193"
| #define PACKAGE_STRING "idrivebmr-server 2.2.11.2193"
| #define PACKAGE_BUGREPORT "martin@urbackup.org"
| #define PACKAGE_URL ""
| #define PACKAGE "idrivebmr-server"
| #define VERSION "2.2.11.2193"
| #define HAVE_NAMESPACES 1
| #define STDC_HEADERS 1
| #define HAVE_SYS_TYPES_H 1
| #define HAVE_SYS_STAT_H 1
| #define HAVE_STDLIB_H 1
| #define HAVE_STRING_H 1
| #define HAVE_MEMORY_H 1
| #define HAVE_STRINGS_H 1
| #define HAVE_INTTYPES_H 1
| #define HAVE_STDINT_H 1
| #define HAVE_UNISTD_H 1
| #define HAVE_SSTREAM 1
| #define HAVE_SSTREAM 1
| #define HAVE_STRSTREAM 1
| #define HAVE_CLASS_STRSTREAM 1
| #define HAVE_LONG_LONG 1
| #define HAVE_PTHREAD_SETNAME_NP 1
| #define HAVE_PTHREAD 1
| #define STDC_HEADERS 1
| #define HAVE_PTHREAD_H 1
| #define HAVE_ARPA_INET_H 1
| #define HAVE_FCNTL_H 1
| #define HAVE_NETDB_H 1
| #define HAVE_NETINET_IN_H 1
| #define HAVE_STDLIB_H 1
| #define HAVE_SYS_SOCKET_H 1
| #define HAVE_SYS_TIME_H 1
| #define HAVE_UNISTD_H 1
| #define TIME_WITH_SYS_TIME 1
| /* end confdefs.h.  */
| #include <ac_nonexistent.h>
configure:6693: checking if zlib is wanted
configure:6715: result: yes
configure:6746: checking for inflateEnd in -lz
configure:6771: gcc -o conftest -g -O2  -I/usr/include  -L/usr/lib conftest.c -lz   >&5
configure:6771: $? = 0
configure:6780: result: yes
configure:6788: checking zlib.h usability
configure:6788: gcc -c -g -O2  -I/usr/include conftest.c >&5
configure:6788: $? = 0
configure:6788: result: yes
configure:6788: checking zlib.h presence
configure:6788: gcc -E  -I/usr/include conftest.c
configure:6788: $? = 0
configure:6788: result: yes
configure:6788: checking for zlib.h
configure:6788: result: yes
configure:6826: checking for operating system
configure:6860: checking sys/select.h usability
configure:6860: g++ -c -g -O2  -I/usr/include -I/usr/include conftest.cpp >&5
configure:6860: $? = 0
configure:6860: result: yes
configure:6860: checking sys/select.h presence
configure:6860: g++ -E  -I/usr/include -I/usr/include conftest.cpp
configure:6860: $? = 0
configure:6860: result: yes
configure:6860: checking for sys/select.h
configure:6860: result: yes
configure:6860: checking for sys/socket.h
configure:6860: result: yes
configure:6870: checking types of arguments for select
configure:6898: g++ -c -g -O2  -I/usr/include -I/usr/include conftest.cpp >&5
configure:6898: $? = 0
configure:6909: result: int,fd_set *,struct timeval *
configure:6934: checking for strftime
configure:6934: g++ -o conftest -g -O2  -I/usr/include -I/usr/include  -L/usr/lib -L/usr/lib conftest.cpp -lz  >&5
configure:6934: $? = 0
configure:6934: result: yes
configure:6990: checking for gettimeofday
configure:6990: g++ -o conftest -g -O2  -I/usr/include -I/usr/include  -L/usr/lib -L/usr/lib conftest.cpp -lz  >&5
configure:6990: $? = 0
configure:6990: result: yes
configure:6990: checking for memset
configure:6990: g++ -o conftest -g -O2  -I/usr/include -I/usr/include  -L/usr/lib -L/usr/lib conftest.cpp -lz  >&5
configure:6990: $? = 0
configure:6990: result: yes
configure:6990: checking for select
configure:6990: g++ -o conftest -g -O2  -I/usr/include -I/usr/include  -L/usr/lib -L/usr/lib conftest.cpp -lz  >&5
configure:6990: $? = 0
configure:6990: result: yes
configure:6990: checking for socket
configure:6990: g++ -o conftest -g -O2  -I/usr/include -I/usr/include  -L/usr/lib -L/usr/lib conftest.cpp -lz  >&5
configure:6990: $? = 0
configure:6990: result: yes
configure:6990: checking for strstr
configure:6990: g++ -o conftest -g -O2  -I/usr/include -I/usr/include  -L/usr/lib -L/usr/lib conftest.cpp -lz  >&5
configure:6990: $? = 0
configure:6990: result: yes
configure:6990: checking for syncfs
configure:6990: g++ -o conftest -g -O2  -I/usr/include -I/usr/include  -L/usr/lib -L/usr/lib conftest.cpp -lz  >&5
configure:6990: $? = 0
configure:6990: result: yes
configure:6990: checking for fallocate64
configure:6990: g++ -o conftest -g -O2  -I/usr/include -I/usr/include  -L/usr/lib -L/usr/lib conftest.cpp -lz  >&5
configure:6990: $? = 0
configure:6990: result: yes
configure:6990: checking for utimensat
configure:6990: g++ -o conftest -g -O2  -I/usr/include -I/usr/include  -L/usr/lib -L/usr/lib conftest.cpp -lz  >&5
configure:6990: $? = 0
configure:6990: result: yes
configure:6990: checking for accept4
configure:6990: g++ -o conftest -g -O2  -I/usr/include -I/usr/include  -L/usr/lib -L/usr/lib conftest.cpp -lz  >&5
configure:6990: $? = 0
configure:6990: result: yes
configure:6999: checking for dlopen in -ldl
configure:7024: g++ -o conftest -g -O2  -I/usr/include -I/usr/include  -L/usr/lib -L/usr/lib conftest.cpp -ldl  -lz  >&5
configure:7024: $? = 0
configure:7033: result: yes
configure:7125: checking for gawk
configure:7152: result: gawk
configure:7214: checking for curl-config
configure:7232: found /usr/bin/curl-config
configure:7244: result: /usr/bin/curl-config
configure:7255: checking for the version of libcurl
configure:7262: result: 7.52.1
configure:7269: checking for libcurl >= version 7.20.0
configure:7282: result: yes
configure:7323: checking whether libcurl is usable
configure:7356: g++ -o conftest -g -O2   -I/usr/include -I/usr/include  -L/usr/lib -L/usr/lib conftest.cpp -lcurl -lz  >&5
configure:7356: $? = 0
configure:7370: result: yes
configure:7383: checking for curl_free
configure:7383: g++ -o conftest -g -O2  -I/usr/include -I/usr/include   -L/usr/lib -L/usr/lib conftest.cpp -lz  -lcurl >&5
configure:7383: $? = 0
configure:7383: result: yes
configure:7483: checking for crypto++ version >= 5.1
configure:7614: result: yes (version 5.6.4, installed)
configure:7847: checking for library containing clock_gettime
configure:7878: g++ -o conftest -g -O2  -I/usr/include -I/usr/include  -L/usr/lib -L/usr/lib conftest.cpp -lz  >&5
configure:7878: $? = 0
configure:7895: result: none required
configure:8020: checking that generated files are newer than configure
configure:8026: result: done
configure:8105: creating ./config.status

## ---------------- ##
## Cache variables. ##
## ---------------- ##

ac_cv_build=x86_64-unknown-linux-gnu
ac_cv_c_compiler_gnu=yes
ac_cv_c_const=yes
ac_cv_c_inline=inline
ac_cv_cxx_compiler_gnu=yes
ac_cv_cxx_have_class_strstream=yes
ac_cv_cxx_have_long_long=yes
ac_cv_cxx_have_sstream=yes
ac_cv_cxx_namespaces=yes
ac_cv_env_CCC_set=
ac_cv_env_CCC_value=
ac_cv_env_CC_set=
ac_cv_env_CC_value=
ac_cv_env_CFLAGS_set=
ac_cv_env_CFLAGS_value=
ac_cv_env_CPPFLAGS_set=
ac_cv_env_CPPFLAGS_value=
ac_cv_env_CPP_set=
ac_cv_env_CPP_value=
ac_cv_env_CXXCPP_set=
ac_cv_env_CXXCPP_value=
ac_cv_env_CXXFLAGS_set=
ac_cv_env_CXXFLAGS_value=
ac_cv_env_CXX_set=
ac_cv_env_CXX_value=
ac_cv_env_FUSE_CFLAGS_set=
ac_cv_env_FUSE_CFLAGS_value=
ac_cv_env_FUSE_LIBS_set=
ac_cv_env_FUSE_LIBS_value=
ac_cv_env_LDFLAGS_set=
ac_cv_env_LDFLAGS_value=
ac_cv_env_LIBS_set=
ac_cv_env_LIBS_value=
ac_cv_env_PKG_CONFIG_LIBDIR_set=
ac_cv_env_PKG_CONFIG_LIBDIR_value=
ac_cv_env_PKG_CONFIG_PATH_set=
ac_cv_env_PKG_CONFIG_PATH_value=
ac_cv_env_PKG_CONFIG_set=
ac_cv_env_PKG_CONFIG_value=
ac_cv_env_build_alias_set=
ac_cv_env_build_alias_value=
ac_cv_env_host_alias_set=
ac_cv_env_host_alias_value=
ac_cv_env_target_alias_set=
ac_cv_env_target_alias_value=
ac_cv_func_accept4=yes
ac_cv_func_curl_free=yes
ac_cv_func_fallocate64=yes
ac_cv_func_gettimeofday=yes
ac_cv_func_memset=yes
ac_cv_func_select=yes
ac_cv_func_select_args='int,fd_set *,struct timeval *'
ac_cv_func_socket=yes
ac_cv_func_strftime=yes
ac_cv_func_strstr=yes
ac_cv_func_syncfs=yes
ac_cv_func_utimensat=yes
ac_cv_header_arpa_inet_h=yes
ac_cv_header_fcntl_h=yes
ac_cv_header_inttypes_h=yes
ac_cv_header_memory_h=yes
ac_cv_header_netdb_h=yes
ac_cv_header_netinet_in_h=yes
ac_cv_header_pthread_h=yes
ac_cv_header_sstream=yes
ac_cv_header_stdbool_h=no
ac_cv_header_stdc=yes
ac_cv_header_stdint_h=yes
ac_cv_header_stdlib_h=yes
ac_cv_header_string_h=yes
ac_cv_header_strings_h=yes
ac_cv_header_strstream=yes
ac_cv_header_sys_select_h=yes
ac_cv_header_sys_socket_h=yes
ac_cv_header_sys_stat_h=yes
ac_cv_header_sys_time_h=yes
ac_cv_header_sys_types_h=yes
ac_cv_header_time=yes
ac_cv_header_unistd_h=yes
ac_cv_header_zlib_h=yes
ac_cv_host=x86_64-unknown-linux-gnu
ac_cv_lib_dl_dlopen=yes
ac_cv_lib_z_inflateEnd=yes
ac_cv_objext=o
ac_cv_path_EGREP='/bin/grep -E'
ac_cv_path_GREP=/bin/grep
ac_cv_path__libcurl_config=/usr/bin/curl-config
ac_cv_path_install='/usr/bin/install -c'
ac_cv_path_mkdir=/bin/mkdir
ac_cv_prog_AWK=gawk
ac_cv_prog_CPP='gcc -E'
ac_cv_prog_CXXCPP='g++ -E'
ac_cv_prog_ac_ct_CC=gcc
ac_cv_prog_ac_ct_CXX=g++
ac_cv_prog_cc_c89=
ac_cv_prog_cc_g=yes
ac_cv_prog_cxx_g=yes
ac_cv_prog_make_make_set=yes
ac_cv_search_clock_gettime='none required'
ac_cv_search_gethostbyname='none required'
ac_cv_search_socket='none required'
ac_cv_struct_tm=time.h
ac_cv_target=x86_64-unknown-linux-gnu
ac_cv_type__Bool=no
ac_cv_type_size_t=yes
am_cv_CC_dependencies_compiler_type=gcc3
am_cv_CXX_dependencies_compiler_type=gcc3
am_cv_make_support_nested_variables=yes
am_cv_prog_cc_c_o=yes
am_cv_prog_tar_ustar=gnutar
ax_cv_check_cxxflags___fstack_protector_strong___param_ssp_buffer_size_4__Wformat__Werror_format_security__fPIE=yes
ax_cv_check_ldflags___Wl__z_relro=yes
libcurl_cv_lib_curl_usable=yes
libcurl_cv_lib_curl_version=7.52.1
libcurl_cv_lib_version_ok=yes
zlib_cv_libz=yes
zlib_cv_zlib_h=yes

## ----------------- ##
## Output variables. ##
## ----------------- ##

ACLOCAL='${SHELL} /IdrivebmrServer/chandru_code/IDriveBMR-Server/missing aclocal-1.15'
AMDEPBACKSLASH='\'
AMDEP_FALSE='#'
AMDEP_TRUE=''
AMTAR='$${TAR-tar}'
AM_BACKSLASH='\'
AM_DEFAULT_V='$(AM_DEFAULT_VERBOSITY)'
AM_DEFAULT_VERBOSITY='1'
AM_V='$(V)'
AUTOCONF='${SHELL} /IdrivebmrServer/chandru_code/IDriveBMR-Server/missing autoconf'
AUTOHEADER='${SHELL} /IdrivebmrServer/chandru_code/IDriveBMR-Server/missing autoheader'
AUTOMAKE='${SHELL} /IdrivebmrServer/chandru_code/IDriveBMR-Server/missing automake-1.15'
AWK='gawk'
CC='gcc'
CCDEPMODE='depmode=gcc3'
CFLAGS='-g -O2'
CPP='gcc -E'
CPPFLAGS=' -I/usr/include -I/usr/include'
CRYPTOPP_CPPFLAGS='-I/usr/include'
CRYPTOPP_LDFLAGS='-L/usr/lib'
CRYPTOPP_LIBS='-lcryptopp'
CXX='g++'
CXXCPP='g++ -E'
CXXDEPMODE='depmode=gcc3'
CXXFLAGS='-g -O2'
CYGPATH_W='echo'
DEFS='-DHAVE_CONFIG_H'
DEPDIR='.deps'
DLOPEN_LIBS='-ldl'
ECHO_C=''
ECHO_N='-n'
ECHO_T=''
EGREP='/bin/grep -E'
EMBEDDED_CRYPTOPP_FALSE=''
EMBEDDED_CRYPTOPP_TRUE='#'
EXEEXT=''
FREEBSD_FALSE=''
FREEBSD_TRUE='#'
FUSE_CFLAGS=''
FUSE_LIBS=''
GREP='/bin/grep'
INSTALL_DATA='${INSTALL} -m 644'
INSTALL_INITD_FALSE=''
INSTALL_INITD_TRUE='#'
INSTALL_PROGRAM='${INSTALL}'
INSTALL_SCRIPT='${INSTALL}'
INSTALL_STRIP_PROGRAM='$(install_sh) -c -s'
LDFLAGS=' -L/usr/lib -L/usr/lib'
LIBCURL='-lcurl'
LIBCURL_CPPFLAGS=''
LIBOBJS=''
LIBS='-lz '
LINUX_FALSE='#'
LINUX_TRUE=''
LTLIBOBJS=''
MAKEINFO='${SHELL} /IdrivebmrServer/chandru_code/IDriveBMR-Server/missing makeinfo'
MKDIR_P='/bin/mkdir -p'
OBJEXT='o'
PACKAGE='idrivebmr-server'
PACKAGE_BUGREPORT='martin@urbackup.org'
PACKAGE_NAME='idrivebmr-server'
PACKAGE_STRING='idrivebmr-server 2.2.11.2193'
PACKAGE_TARNAME='idrivebmr-server'
PACKAGE_URL=''
PACKAGE_VERSION='2.2.11.2193'
PACKAGING_FALSE=''
PACKAGING_TRUE='#'
PATH_SEPARATOR=':'
PKG_CONFIG=''
PKG_CONFIG_LIBDIR=''
PKG_CONFIG_PATH=''
PTHREAD_CC='gcc'
PTHREAD_CFLAGS='-pthread'
PTHREAD_LIBS=''
SET_MAKE=''
SHELL='/bin/bash'
STRIP=''
TARGET_CPU_IS_X86_FALSE=''
TARGET_CPU_IS_X86_TRUE='#'
VERSION='2.2.11.2193'
WITH_ASSERTIONS_FALSE=''
WITH_ASSERTIONS_TRUE='#'
WITH_CRYPTOPLUGIN_FALSE='#'
WITH_CRYPTOPLUGIN_TRUE=''
WITH_FORTIFY_FALSE='#'
WITH_FORTIFY_TRUE=''
WITH_FUSEPLUGIN_CXXFLAGS=''
WITH_FUSEPLUGIN_FALSE=''
WITH_FUSEPLUGIN_TRUE='#'
WITH_URLPLUGIN_FALSE='#'
WITH_URLPLUGIN_TRUE=''
_libcurl_config=''
ac_ct_CC='gcc'
ac_ct_CXX='g++'
am__EXEEXT_FALSE=''
am__EXEEXT_TRUE='#'
am__fastdepCC_FALSE='#'
am__fastdepCC_TRUE=''
am__fastdepCXX_FALSE='#'
am__fastdepCXX_TRUE=''
am__include='include'
am__isrc=''
am__leading_dot='.'
am__nodep='_no'
am__quote=''
am__tar='tar --format=ustar -chf - "$$tardir"'
am__untar='tar -xf -'
ax_pthread_config=''
bindir='${exec_prefix}/bin'
build='x86_64-unknown-linux-gnu'
build_alias=''
build_cpu='x86_64'
build_os='linux-gnu'
build_vendor='unknown'
datadir='${datarootdir}'
datarootdir='${prefix}/share'
docdir='${datarootdir}/doc/${PACKAGE_TARNAME}'
dvidir='${docdir}'
exec_prefix='${prefix}'
host='x86_64-unknown-linux-gnu'
host_alias=''
host_cpu='x86_64'
host_os='linux-gnu'
host_vendor='unknown'
htmldir='${docdir}'
includedir='${prefix}/include'
infodir='${datarootdir}/info'
install_sh='${SHELL} /IdrivebmrServer/chandru_code/IDriveBMR-Server/install-sh'
libdir='${exec_prefix}/lib'
libexecdir='${exec_prefix}/libexec'
localedir='${datarootdir}/locale'
localstatedir='${prefix}/var'
mandir='${datarootdir}/man'
mkdir_p='$(MKDIR_P)'
oldincludedir='/usr/include'
pdfdir='${docdir}'
prefix='/usr/local'
program_transform_name='s,x,x,'
psdir='${docdir}'
runstatedir='${localstatedir}/run'
sbindir='${exec_prefix}/sbin'
sharedstatedir='${prefix}/com'
sysconfdir='${prefix}/etc'
target='x86_64-unknown-linux-gnu'
target_alias=''
target_cpu='x86_64'
target_os='linux-gnu'
target_vendor='unknown'

## ----------- ##
## confdefs.h. ##
## ----------- ##

/* confdefs.h */
#define PACKAGE_NAME "idrivebmr-server"
#define PACKAGE_TARNAME "idrivebmr-server"
#define PACKAGE_VERSION "2.2.11.2193"
#define PACKAGE_STRING "idrivebmr-server 2.2.11.2193"
#define PACKAGE_BUGREPORT "martin@urbackup.org"
#define PACKAGE_URL ""
#define PACKAGE "idrivebmr-server"
#define VERSION "2.2.11.2193"
#define HAVE_NAMESPACES 1
#define STDC_HEADERS 1
#define HAVE_SYS_TYPES_H 1
#define HAVE_SYS_STAT_H 1
#define HAVE_STDLIB_H 1
#define HAVE_STRING_H 1
#define HAVE_MEMORY_H 1
#define HAVE_STRINGS_H 1
#define HAVE_INTTYPES_H 1
#define HAVE_STDINT_H 1
#define HAVE_UNISTD_H 1
#define HAVE_SSTREAM 1
#define HAVE_SSTREAM 1
#define HAVE_STRSTREAM 1
#define HAVE_CLASS_STRSTREAM 1
#define HAVE_LONG_LONG 1
#define HAVE_PTHREAD_SETNAME_NP 1
#define HAVE_PTHREAD 1
#define STDC_HEADERS 1
#define HAVE_PTHREAD_H 1
#define HAVE_ARPA_INET_H 1
#define HAVE_FCNTL_H 1
#define HAVE_NETDB_H 1
#define HAVE_NETINET_IN_H 1
#define HAVE_STDLIB_H 1
#define HAVE_SYS_SOCKET_H 1
#define HAVE_SYS_TIME_H 1
#define HAVE_UNISTD_H 1
#define TIME_WITH_SYS_TIME 1
#define HAVE_LIBZ 1
#define HAVE_SYS_SELECT_H 1
#define HAVE_SYS_SOCKET_H 1
#define SELECT_TYPE_ARG1 int
#define SELECT_TYPE_ARG234 (fd_set *)
#define SELECT_TYPE_ARG5 (struct timeval *)
#define HAVE_STRFTIME 1
#define HAVE_GETTIMEOFDAY 1
#define HAVE_MEMSET 1
#define HAVE_SELECT 1
#define HAVE_SOCKET 1
#define HAVE_STRSTR 1
#define HAVE_SYNCFS 1
#define HAVE_FALLOCATE64 1
#define HAVE_UTIMENSAT 1
#define HAVE_ACCEPT4 1
#define HAVE_LIBCURL 1
#define LIBCURL_FEATURE_SSL 1
#define LIBCURL_FEATURE_IPV6 1
#define LIBCURL_FEATURE_UNIXSOCKETS 1
#define LIBCURL_FEATURE_LIBZ 1
#define LIBCURL_FEATURE_ASYNCHDNS 1
#define LIBCURL_FEATURE_IDN 1
#define LIBCURL_FEATURE_GSS_API 1
#define LIBCURL_FEATURE_PSL 1
#define LIBCURL_FEATURE_SPNEGO 1
#define LIBCURL_FEATURE_KERBEROS 1
#define LIBCURL_FEATURE_NTLM 1
#define LIBCURL_FEATURE_NTLM_WB 1
#define LIBCURL_FEATURE_TLS_SRP 1
#define LIBCURL_FEATURE_HTTP2 1
#define LIBCURL_FEATURE_HTTPS_PROXY 1
#define LIBCURL_PROTOCOL_DICT 1
#define LIBCURL_PROTOCOL_FILE 1
#define LIBCURL_PROTOCOL_FTP 1
#define LIBCURL_PROTOCOL_FTPS 1
#define LIBCURL_PROTOCOL_GOPHER 1
#define LIBCURL_PROTOCOL_HTTP 1
#define LIBCURL_PROTOCOL_HTTPS 1
#define LIBCURL_PROTOCOL_IMAP 1
#define LIBCURL_PROTOCOL_IMAPS 1
#define LIBCURL_PROTOCOL_LDAP 1
#define LIBCURL_PROTOCOL_LDAPS 1
#define LIBCURL_PROTOCOL_POP3 1
#define LIBCURL_PROTOCOL_POP3S 1
#define LIBCURL_PROTOCOL_RTMP 1
#define LIBCURL_PROTOCOL_RTSP 1
#define LIBCURL_PROTOCOL_SCP 1
#define LIBCURL_PROTOCOL_SFTP 1
#define LIBCURL_PROTOCOL_SMB 1
#define LIBCURL_PROTOCOL_SMBS 1
#define LIBCURL_PROTOCOL_SMTP 1
#define LIBCURL_PROTOCOL_SMTPS 1
#define LIBCURL_PROTOCOL_TELNET 1
#define LIBCURL_PROTOCOL_TFTP 1
#define CRYPTOPP_INCLUDE_PREFIX cryptopp

configure: exit 0

## ---------------------- ##
## Running config.status. ##
## ---------------------- ##

This file was extended by idrivebmr-server config.status 2.2.11.2193, which was
generated by GNU Autoconf 2.69.  Invocation command line was

  CONFIG_FILES    = 
  CONFIG_HEADERS  = 
  CONFIG_LINKS    = 
  CONFIG_COMMANDS = 
  $ ./config.status 

on bmr

config.status:986: creating Makefile
config.status:986: creating config.h
config.status:1167: config.h is unchanged
config.status:1215: executing depfiles commands
